{"timestamp":"2025-09-10T16:50:56.138099-04:00","level":"DEBUG","type":"keypress","message":"Key pressed: down","data":{"active_list":0,"key":"down","selected_operation":"cancel","selected_resource":"climate orders","show_output":false,"show_welcome":false}}
{"timestamp":"2025-09-10T16:50:56.638713-04:00","level":"DEBUG","type":"keypress","message":"Key pressed: down","data":{"active_list":0,"key":"down","selected_operation":"list","selected_resource":"climate products","show_output":false,"show_welcome":false}}
{"timestamp":"2025-09-10T16:50:56.721303-04:00","level":"DEBUG","type":"keypress","message":"Key pressed: down","data":{"active_list":0,"key":"down","selected_operation":"list","selected_resource":"climate suppliers","show_output":false,"show_welcome":false}}
{"timestamp":"2025-09-10T16:50:56.807136-04:00","level":"DEBUG","type":"keypress","message":"Key pressed: down","data":{"active_list":0,"key":"down","selected_operation":"retrieve","selected_resource":"confirmation_tokens","show_output":false,"show_welcome":false}}
{"timestamp":"2025-09-10T16:50:56.892109-04:00","level":"DEBUG","type":"keypress","message":"Key pressed: down","data":{"active_list":0,"key":"down","selected_operation":"list","selected_resource":"country_specs","show_output":false,"show_welcome":false}}
{"timestamp":"2025-09-10T16:50:56.978382-04:00","level":"DEBUG","type":"keypress","message":"Key pressed: down","data":{"active_list":0,"key":"down","selected_operation":"create","selected_resource":"coupons","show_output":false,"show_welcome":false}}
{"timestamp":"2025-09-10T16:50:57.058288-04:00","level":"DEBUG","type":"keypress","message":"Key pressed: down","data":{"active_list":0,"key":"down","selected_operation":"list","selected_resource":"credit_note_line_items","show_output":false,"show_welcome":false}}
{"timestamp":"2025-09-10T16:50:57.14417-04:00","level":"DEBUG","type":"keypress","message":"Key pressed: down","data":{"active_list":0,"key":"down","selected_operation":"create","selected_resource":"credit_notes","show_output":false,"show_welcome":false}}
{"timestamp":"2025-09-10T16:50:57.223845-04:00","level":"DEBUG","type":"keypress","message":"Key pressed: down","data":{"active_list":0,"key":"down","selected_operation":"create","selected_resource":"customer_balance_transactions","show_output":false,"show_welcome":false}}
{"timestamp":"2025-09-10T16:50:57.307406-04:00","level":"DEBUG","type":"keypress","message":"Key pressed: down","data":{"active_list":0,"key":"down","selected_operation":"list","selected_resource":"customer_cash_balance_transactions","show_output":false,"show_welcome":false}}
{"timestamp":"2025-09-10T16:50:57.466547-04:00","level":"DEBUG","type":"keypress","message":"Key pressed: down","data":{"active_list":0,"key":"down","selected_operation":"create","selected_resource":"customer_sessions","show_output":false,"show_welcome":false}}
{"timestamp":"2025-09-10T16:51:12.257395-04:00","level":"DEBUG","type":"keypress","message":"Key pressed: right","data":{"active_list":0,"key":"right","selected_operation":"balance_transactions","selected_resource":"customers","show_output":false,"show_welcome":false}}
{"timestamp":"2025-09-10T16:51:12.264932-04:00","level":"INFO","type":"view_change","message":"View changed: resources -\u003e operations (trigger: right)","data":{"new_view":"operations","old_view":"resources","trigger":"right"}}
{"timestamp":"2025-09-10T16:51:23.204312-04:00","level":"DEBUG","type":"keypress","message":"Key pressed: down","data":{"active_list":1,"key":"down","selected_operation":"balance_transactions","selected_resource":"customers","show_output":false,"show_welcome":false}}
{"timestamp":"2025-09-10T16:51:23.365239-04:00","level":"DEBUG","type":"keypress","message":"Key pressed: down","data":{"active_list":1,"key":"down","selected_operation":"create","selected_resource":"customers","show_output":false,"show_welcome":false}}
{"timestamp":"2025-09-10T16:51:23.493533-04:00","level":"DEBUG","type":"keypress","message":"Key pressed: down","data":{"active_list":1,"key":"down","selected_operation":"create_funding_instructions","selected_resource":"customers","show_output":false,"show_welcome":false}}
{"timestamp":"2025-09-10T16:51:23.619449-04:00","level":"DEBUG","type":"keypress","message":"Key pressed: down","data":{"active_list":1,"key":"down","selected_operation":"delete","selected_resource":"customers","show_output":false,"show_welcome":false}}
{"timestamp":"2025-09-10T16:51:23.748712-04:00","level":"DEBUG","type":"keypress","message":"Key pressed: down","data":{"active_list":1,"key":"down","selected_operation":"delete_discount","selected_resource":"customers","show_output":false,"show_welcome":false}}
{"timestamp":"2025-09-10T16:51:35.626434-04:00","level":"DEBUG","type":"keypress","message":"Key pressed: enter","data":{"active_list":1,"key":"enter","selected_operation":"list","selected_resource":"customers","show_output":false,"show_welcome":false}}
{"timestamp":"2025-09-10T16:51:35.632004-04:00","level":"INFO","type":"action","message":"enter_key","data":{"active_list":1,"operation_item":{},"resource_item":{}}}
{"timestamp":"2025-09-10T16:51:35.63591-04:00","level":"INFO","type":"selection","message":"Selected list in operation list","data":{"index":5,"list_type":"operation","selected_item":"list"}}
{"timestamp":"2025-09-10T16:51:35.645385-04:00","level":"INFO","type":"session","message":"TUI session started"}
{"timestamp":"2025-09-10T16:52:34.933033-04:00","level":"DEBUG","type":"keypress","message":"Key pressed: ctrl+c","data":{"active_list":0,"key":"ctrl+c","show_output":false,"show_welcome":true}}
{"timestamp":"2025-09-10T16:52:34.93818-04:00","level":"INFO","type":"action","message":"quit_from_welcome","data":{"trigger":"ctrl+c"}}
{"timestamp":"2025-09-10T16:52:34.953804-04:00","level":"INFO","type":"session","message":"TUI session ended"}
{"timestamp":"2025-09-10T16:52:34.958216-04:00","level":"INFO","type":"command","message":"Command executed: customers list (took 59.315743875s)","data":{"command":"customers list","duration":"59.315743875s","method":"GET","output_length":0,"url":"https://api.stripe.com/v1/customers"}}
{"timestamp":"2025-09-10T16:52:34.962167-04:00","level":"INFO","type":"state_change","message":"State transition: command_idle -\u003e command_result_displayed","data":{"command":"customers list","duration":"59.315743875s","method":"GET","new_state":"command_result_displayed","old_state":"command_idle","url":"https://api.stripe.com/v1/customers"}}
{"timestamp":"2025-09-10T16:52:35.097848-04:00","level":"DEBUG","type":"keypress","message":"Key pressed: ctrl+c","data":{"active_list":1,"key":"ctrl+c","selected_operation":"list","selected_resource":"customers","show_output":true,"show_welcome":false}}
{"timestamp":"2025-09-10T16:52:35.101971-04:00","level":"INFO","type":"action","message":"quit_application","data":{"trigger":"ctrl+c"}}
{"timestamp":"2025-09-10T16:52:35.116547-04:00","level":"INFO","type":"session","message":"TUI session ended"}
{"timestamp":"2025-09-10T16:53:03.064013-04:00","level":"INFO","type":"session","message":"TUI session started"}
{"timestamp":"2025-09-10T16:53:04.122218-04:00","level":"DEBUG","type":"keypress","message":"Key pressed:  ","data":{"active_list":0,"key":" ","show_output":false,"show_welcome":true}}
{"timestamp":"2025-09-10T16:53:04.126967-04:00","level":"INFO","type":"state_change","message":"State transition: welcome_screen -\u003e main_interface","data":{"new_state":"main_interface","old_state":"welcome_screen","trigger":" "}}
{"timestamp":"2025-09-10T16:53:06.297613-04:00","level":"DEBUG","type":"keypress","message":"Key pressed: down","data":{"active_list":0,"key":"down","selected_operation":"create","selected_resource":"account_links","show_output":false,"show_welcome":false}}
{"timestamp":"2025-09-10T16:53:06.799778-04:00","level":"DEBUG","type":"keypress","message":"Key pressed: down","data":{"active_list":0,"key":"down","selected_operation":"create","selected_resource":"account_sessions","show_output":false,"show_welcome":false}}
{"timestamp":"2025-09-10T16:53:06.881013-04:00","level":"DEBUG","type":"keypress","message":"Key pressed: down","data":{"active_list":0,"key":"down","selected_operation":"capabilities","selected_resource":"accounts","show_output":false,"show_welcome":false}}
{"timestamp":"2025-09-10T16:53:06.964259-04:00","level":"DEBUG","type":"keypress","message":"Key pressed: down","data":{"active_list":0,"key":"down","selected_operation":"create","selected_resource":"apple_pay_domains","show_output":false,"show_welcome":false}}
{"timestamp":"2025-09-10T16:53:07.047432-04:00","level":"DEBUG","type":"keypress","message":"Key pressed: down","data":{"active_list":0,"key":"down","selected_operation":"list","selected_resource":"application_fees","show_output":false,"show_welcome":false}}
{"timestamp":"2025-09-10T16:53:07.131511-04:00","level":"DEBUG","type":"keypress","message":"Key pressed: down","data":{"active_list":0,"key":"down","selected_operation":"retrieve","selected_resource":"balance","show_output":false,"show_welcome":false}}
{"timestamp":"2025-09-10T16:53:07.215705-04:00","level":"DEBUG","type":"keypress","message":"Key pressed: down","data":{"active_list":0,"key":"down","selected_operation":"list","selected_resource":"balance_transactions","show_output":false,"show_welcome":false}}
{"timestamp":"2025-09-10T16:53:07.299267-04:00","level":"DEBUG","type":"keypress","message":"Key pressed: down","data":{"active_list":0,"key":"down","selected_operation":"delete","selected_resource":"bank_accounts","show_output":false,"show_welcome":false}}
{"timestamp":"2025-09-10T16:53:07.382297-04:00","level":"DEBUG","type":"keypress","message":"Key pressed: down","data":{"active_list":0,"key":"down","selected_operation":"activate","selected_resource":"billing alerts","show_output":false,"show_welcome":false}}
{"timestamp":"2025-09-10T16:53:07.464659-04:00","level":"DEBUG","type":"keypress","message":"Key pressed: down","data":{"active_list":0,"key":"down","selected_operation":"retrieve","selected_resource":"billing credit_balance_summaries","show_output":false,"show_welcome":false}}
{"timestamp":"2025-09-10T16:53:07.549827-04:00","level":"DEBUG","type":"keypress","message":"Key pressed: down","data":{"active_list":0,"key":"down","selected_operation":"list","selected_resource":"billing credit_balance_transactions","show_output":false,"show_welcome":false}}
{"timestamp":"2025-09-10T16:53:07.633347-04:00","level":"DEBUG","type":"keypress","message":"Key pressed: down","data":{"active_list":0,"key":"down","selected_operation":"create","selected_resource":"billing credit_grants","show_output":false,"show_welcome":false}}
{"timestamp":"2025-09-10T16:53:07.717508-04:00","level":"DEBUG","type":"keypress","message":"Key pressed: down","data":{"active_list":0,"key":"down","selected_operation":"create","selected_resource":"billing meter_event_adjustments","show_output":false,"show_welcome":false}}
{"timestamp":"2025-09-10T16:53:07.801167-04:00","level":"DEBUG","type":"keypress","message":"Key pressed: down","data":{"active_list":0,"key":"down","selected_operation":"list","selected_resource":"billing meter_event_summaries","show_output":false,"show_welcome":false}}
{"timestamp":"2025-09-10T16:53:07.885025-04:00","level":"DEBUG","type":"keypress","message":"Key pressed: down","data":{"active_list":0,"key":"down","selected_operation":"create","selected_resource":"billing meter_events","show_output":false,"show_welcome":false}}
{"timestamp":"2025-09-10T16:53:07.973223-04:00","level":"DEBUG","type":"keypress","message":"Key pressed: down","data":{"active_list":0,"key":"down","selected_operation":"create","selected_resource":"billing meters","show_output":false,"show_welcome":false}}
{"timestamp":"2025-09-10T16:53:08.053402-04:00","level":"DEBUG","type":"keypress","message":"Key pressed: down","data":{"active_list":0,"key":"down","selected_operation":"create","selected_resource":"billing_portal configurations","show_output":false,"show_welcome":false}}
{"timestamp":"2025-09-10T16:53:08.13685-04:00","level":"DEBUG","type":"keypress","message":"Key pressed: down","data":{"active_list":0,"key":"down","selected_operation":"create","selected_resource":"billing_portal sessions","show_output":false,"show_welcome":false}}
{"timestamp":"2025-09-10T16:53:08.219919-04:00","level":"DEBUG","type":"keypress","message":"Key pressed: down","data":{"active_list":0,"key":"down","selected_operation":"list","selected_resource":"capabilities","show_output":false,"show_welcome":false}}
{"timestamp":"2025-09-10T16:53:08.302973-04:00","level":"DEBUG","type":"keypress","message":"Key pressed: down","data":{"active_list":0,"key":"down","selected_operation":"delete","selected_resource":"cards","show_output":false,"show_welcome":false}}
{"timestamp":"2025-09-10T16:53:08.384949-04:00","level":"DEBUG","type":"keypress","message":"Key pressed: down","data":{"active_list":0,"key":"down","selected_operation":"retrieve","selected_resource":"cash_balances","show_output":false,"show_welcome":false}}
{"timestamp":"2025-09-10T16:53:08.469715-04:00","level":"DEBUG","type":"keypress","message":"Key pressed: down","data":{"active_list":0,"key":"down","selected_operation":"capture","selected_resource":"charges","show_output":false,"show_welcome":false}}
{"timestamp":"2025-09-10T16:53:08.55313-04:00","level":"DEBUG","type":"keypress","message":"Key pressed: down","data":{"active_list":0,"key":"down","selected_operation":"create","selected_resource":"checkout sessions","show_output":false,"show_welcome":false}}
{"timestamp":"2025-09-10T16:53:08.636806-04:00","level":"DEBUG","type":"keypress","message":"Key pressed: down","data":{"active_list":0,"key":"down","selected_operation":"cancel","selected_resource":"climate orders","show_output":false,"show_welcome":false}}
{"timestamp":"2025-09-10T16:53:08.719905-04:00","level":"DEBUG","type":"keypress","message":"Key pressed: down","data":{"active_list":0,"key":"down","selected_operation":"list","selected_resource":"climate products","show_output":false,"show_welcome":false}}
{"timestamp":"2025-09-10T16:53:08.803319-04:00","level":"DEBUG","type":"keypress","message":"Key pressed: down","data":{"active_list":0,"key":"down","selected_operation":"list","selected_resource":"climate suppliers","show_output":false,"show_welcome":false}}
{"timestamp":"2025-09-10T16:53:08.886492-04:00","level":"DEBUG","type":"keypress","message":"Key pressed: down","data":{"active_list":0,"key":"down","selected_operation":"retrieve","selected_resource":"confirmation_tokens","show_output":false,"show_welcome":false}}
{"timestamp":"2025-09-10T16:53:08.969838-04:00","level":"DEBUG","type":"keypress","message":"Key pressed: down","data":{"active_list":0,"key":"down","selected_operation":"list","selected_resource":"country_specs","show_output":false,"show_welcome":false}}
{"timestamp":"2025-09-10T16:53:09.055854-04:00","level":"DEBUG","type":"keypress","message":"Key pressed: down","data":{"active_list":0,"key":"down","selected_operation":"create","selected_resource":"coupons","show_output":false,"show_welcome":false}}
{"timestamp":"2025-09-10T16:53:09.137693-04:00","level":"DEBUG","type":"keypress","message":"Key pressed: down","data":{"active_list":0,"key":"down","selected_operation":"list","selected_resource":"credit_note_line_items","show_output":false,"show_welcome":false}}
{"timestamp":"2025-09-10T16:53:09.222364-04:00","level":"DEBUG","type":"keypress","message":"Key pressed: down","data":{"active_list":0,"key":"down","selected_operation":"create","selected_resource":"credit_notes","show_output":false,"show_welcome":false}}
{"timestamp":"2025-09-10T16:53:09.306113-04:00","level":"DEBUG","type":"keypress","message":"Key pressed: down","data":{"active_list":0,"key":"down","selected_operation":"create","selected_resource":"customer_balance_transactions","show_output":false,"show_welcome":false}}
{"timestamp":"2025-09-10T16:53:09.563065-04:00","level":"DEBUG","type":"keypress","message":"Key pressed: up","data":{"active_list":0,"key":"up","selected_operation":"list","selected_resource":"customer_cash_balance_transactions","show_output":false,"show_welcome":false}}
{"timestamp":"2025-09-10T16:53:09.723179-04:00","level":"DEBUG","type":"keypress","message":"Key pressed: up","data":{"active_list":0,"key":"up","selected_operation":"create","selected_resource":"customer_balance_transactions","show_output":false,"show_welcome":false}}
{"timestamp":"2025-09-10T16:53:09.866841-04:00","level":"DEBUG","type":"keypress","message":"Key pressed: up","data":{"active_list":0,"key":"up","selected_operation":"create","selected_resource":"credit_notes","show_output":false,"show_welcome":false}}
{"timestamp":"2025-09-10T16:53:10.014051-04:00","level":"DEBUG","type":"keypress","message":"Key pressed: up","data":{"active_list":0,"key":"up","selected_operation":"list","selected_resource":"credit_note_line_items","show_output":false,"show_welcome":false}}
{"timestamp":"2025-09-10T16:53:10.184759-04:00","level":"DEBUG","type":"keypress","message":"Key pressed: down","data":{"active_list":0,"key":"down","selected_operation":"create","selected_resource":"coupons","show_output":false,"show_welcome":false}}
{"timestamp":"2025-09-10T16:53:10.331395-04:00","level":"DEBUG","type":"keypress","message":"Key pressed: down","data":{"active_list":0,"key":"down","selected_operation":"list","selected_resource":"credit_note_line_items","show_output":false,"show_welcome":false}}
{"timestamp":"2025-09-10T16:53:10.472395-04:00","level":"DEBUG","type":"keypress","message":"Key pressed: down","data":{"active_list":0,"key":"down","selected_operation":"create","selected_resource":"credit_notes","show_output":false,"show_welcome":false}}
{"timestamp":"2025-09-10T16:53:10.616877-04:00","level":"DEBUG","type":"keypress","message":"Key pressed: down","data":{"active_list":0,"key":"down","selected_operation":"create","selected_resource":"customer_balance_transactions","show_output":false,"show_welcome":false}}
{"timestamp":"2025-09-10T16:53:10.759864-04:00","level":"DEBUG","type":"keypress","message":"Key pressed: down","data":{"active_list":0,"key":"down","selected_operation":"list","selected_resource":"customer_cash_balance_transactions","show_output":false,"show_welcome":false}}
{"timestamp":"2025-09-10T16:53:10.906285-04:00","level":"DEBUG","type":"keypress","message":"Key pressed: down","data":{"active_list":0,"key":"down","selected_operation":"create","selected_resource":"customer_sessions","show_output":false,"show_welcome":false}}
{"timestamp":"2025-09-10T16:53:11.239818-04:00","level":"DEBUG","type":"keypress","message":"Key pressed: right","data":{"active_list":0,"key":"right","selected_operation":"balance_transactions","selected_resource":"customers","show_output":false,"show_welcome":false}}
{"timestamp":"2025-09-10T16:53:11.244717-04:00","level":"INFO","type":"view_change","message":"View changed: resources -\u003e operations (trigger: right)","data":{"new_view":"operations","old_view":"resources","trigger":"right"}}
{"timestamp":"2025-09-10T16:53:11.530985-04:00","level":"DEBUG","type":"keypress","message":"Key pressed: down","data":{"active_list":1,"key":"down","selected_operation":"balance_transactions","selected_resource":"customers","show_output":false,"show_welcome":false}}
{"timestamp":"2025-09-10T16:53:11.70389-04:00","level":"DEBUG","type":"keypress","message":"Key pressed: down","data":{"active_list":1,"key":"down","selected_operation":"create","selected_resource":"customers","show_output":false,"show_welcome":false}}
{"timestamp":"2025-09-10T16:53:11.831242-04:00","level":"DEBUG","type":"keypress","message":"Key pressed: down","data":{"active_list":1,"key":"down","selected_operation":"create_funding_instructions","selected_resource":"customers","show_output":false,"show_welcome":false}}
{"timestamp":"2025-09-10T16:53:11.990378-04:00","level":"DEBUG","type":"keypress","message":"Key pressed: down","data":{"active_list":1,"key":"down","selected_operation":"delete","selected_resource":"customers","show_output":false,"show_welcome":false}}
{"timestamp":"2025-09-10T16:53:12.149656-04:00","level":"DEBUG","type":"keypress","message":"Key pressed: down","data":{"active_list":1,"key":"down","selected_operation":"delete_discount","selected_resource":"customers","show_output":false,"show_welcome":false}}
{"timestamp":"2025-09-10T16:53:17.130335-04:00","level":"DEBUG","type":"keypress","message":"Key pressed: enter","data":{"active_list":1,"key":"enter","selected_operation":"list","selected_resource":"customers","show_output":false,"show_welcome":false}}
{"timestamp":"2025-09-10T16:53:17.136919-04:00","level":"INFO","type":"action","message":"enter_key","data":{"active_list":1,"operation_item":"list","resource_item":"customers"}}
{"timestamp":"2025-09-10T16:53:17.139905-04:00","level":"INFO","type":"selection","message":"Selected list in operation list","data":{"index":5,"list_type":"operation","selected_item":"list"}}
{"timestamp":"2025-09-10T16:53:17.146543-04:00","level":"INFO","type":"session","message":"TUI session started"}
{"timestamp":"2025-09-10T16:54:34.238059-04:00","level":"DEBUG","type":"keypress","message":"Key pressed: \\","data":{"active_list":0,"key":"\\","show_output":false,"show_welcome":true}}
{"timestamp":"2025-09-10T16:54:34.525859-04:00","level":"DEBUG","type":"keypress","message":"Key pressed: \\","data":{"active_list":0,"key":"\\","show_output":false,"show_welcome":true}}
{"timestamp":"2025-09-10T16:54:35.625636-04:00","level":"DEBUG","type":"keypress","message":"Key pressed: \\","data":{"active_list":0,"key":"\\","show_output":false,"show_welcome":true}}
{"timestamp":"2025-09-10T16:54:36.334024-04:00","level":"DEBUG","type":"keypress","message":"Key pressed: enter","data":{"active_list":0,"key":"enter","show_output":false,"show_welcome":true}}
{"timestamp":"2025-09-10T16:54:36.339206-04:00","level":"INFO","type":"state_change","message":"State transition: welcome_screen -\u003e main_interface","data":{"new_state":"main_interface","old_state":"welcome_screen","trigger":"enter"}}
{"timestamp":"2025-09-10T16:54:39.282824-04:00","level":"DEBUG","type":"keypress","message":"Key pressed: down","data":{"active_list":0,"key":"down","selected_operation":"create","selected_resource":"account_links","show_output":false,"show_welcome":false}}
{"timestamp":"2025-09-10T16:54:39.294514-04:00","level":"DEBUG","type":"keypress","message":"Key pressed: down","data":{"active_list":0,"key":"down","selected_operation":"create","selected_resource":"account_sessions","show_output":false,"show_welcome":false}}
{"timestamp":"2025-09-10T16:54:39.299777-04:00","level":"DEBUG","type":"keypress","message":"Key pressed: down","data":{"active_list":0,"key":"down","selected_operation":"capabilities","selected_resource":"accounts","show_output":false,"show_welcome":false}}
{"timestamp":"2025-09-10T16:54:39.32716-04:00","level":"DEBUG","type":"keypress","message":"Key pressed: down","data":{"active_list":0,"key":"down","selected_operation":"create","selected_resource":"apple_pay_domains","show_output":false,"show_welcome":false}}
{"timestamp":"2025-09-10T16:54:39.333524-04:00","level":"DEBUG","type":"keypress","message":"Key pressed: down","data":{"active_list":0,"key":"down","selected_operation":"list","selected_resource":"application_fees","show_output":false,"show_welcome":false}}
{"timestamp":"2025-09-10T16:54:39.338475-04:00","level":"DEBUG","type":"keypress","message":"Key pressed: down","data":{"active_list":0,"key":"down","selected_operation":"retrieve","selected_resource":"balance","show_output":false,"show_welcome":false}}
{"timestamp":"2025-09-10T16:54:39.378194-04:00","level":"DEBUG","type":"keypress","message":"Key pressed: down","data":{"active_list":0,"key":"down","selected_operation":"list","selected_resource":"balance_transactions","show_output":false,"show_welcome":false}}
{"timestamp":"2025-09-10T16:54:39.382717-04:00","level":"DEBUG","type":"keypress","message":"Key pressed: down","data":{"active_list":0,"key":"down","selected_operation":"delete","selected_resource":"bank_accounts","show_output":false,"show_welcome":false}}
{"timestamp":"2025-09-10T16:54:39.387423-04:00","level":"DEBUG","type":"keypress","message":"Key pressed: down","data":{"active_list":0,"key":"down","selected_operation":"activate","selected_resource":"billing alerts","show_output":false,"show_welcome":false}}
{"timestamp":"2025-09-10T16:54:39.393569-04:00","level":"DEBUG","type":"keypress","message":"Key pressed: down","data":{"active_list":0,"key":"down","selected_operation":"retrieve","selected_resource":"billing credit_balance_summaries","show_output":false,"show_welcome":false}}
{"timestamp":"2025-09-10T16:54:39.40025-04:00","level":"DEBUG","type":"keypress","message":"Key pressed: down","data":{"active_list":0,"key":"down","selected_operation":"list","selected_resource":"billing credit_balance_transactions","show_output":false,"show_welcome":false}}
{"timestamp":"2025-09-10T16:54:39.406216-04:00","level":"DEBUG","type":"keypress","message":"Key pressed: down","data":{"active_list":0,"key":"down","selected_operation":"create","selected_resource":"billing credit_grants","show_output":false,"show_welcome":false}}
{"timestamp":"2025-09-10T16:54:39.41198-04:00","level":"DEBUG","type":"keypress","message":"Key pressed: down","data":{"active_list":0,"key":"down","selected_operation":"create","selected_resource":"billing meter_event_adjustments","show_output":false,"show_welcome":false}}
{"timestamp":"2025-09-10T16:54:39.889879-04:00","level":"DEBUG","type":"keypress","message":"Key pressed: up","data":{"active_list":0,"key":"up","selected_operation":"list","selected_resource":"billing meter_event_summaries","show_output":false,"show_welcome":false}}
{"timestamp":"2025-09-10T16:54:39.895898-04:00","level":"DEBUG","type":"keypress","message":"Key pressed: up","data":{"active_list":0,"key":"up","selected_operation":"create","selected_resource":"billing meter_event_adjustments","show_output":false,"show_welcome":false}}
{"timestamp":"2025-09-10T16:54:39.902412-04:00","level":"DEBUG","type":"keypress","message":"Key pressed: up","data":{"active_list":0,"key":"up","selected_operation":"create","selected_resource":"billing credit_grants","show_output":false,"show_welcome":false}}
{"timestamp":"2025-09-10T16:54:39.992988-04:00","level":"DEBUG","type":"keypress","message":"Key pressed: up","data":{"active_list":0,"key":"up","selected_operation":"list","selected_resource":"billing credit_balance_transactions","show_output":false,"show_welcome":false}}
{"timestamp":"2025-09-10T16:54:39.997874-04:00","level":"DEBUG","type":"keypress","message":"Key pressed: up","data":{"active_list":0,"key":"up","selected_operation":"retrieve","selected_resource":"billing credit_balance_summaries","show_output":false,"show_welcome":false}}
{"timestamp":"2025-09-10T16:54:40.004689-04:00","level":"DEBUG","type":"keypress","message":"Key pressed: up","data":{"active_list":0,"key":"up","selected_operation":"activate","selected_resource":"billing alerts","show_output":false,"show_welcome":false}}
{"timestamp":"2025-09-10T16:54:40.106436-04:00","level":"DEBUG","type":"keypress","message":"Key pressed: up","data":{"active_list":0,"key":"up","selected_operation":"delete","selected_resource":"bank_accounts","show_output":false,"show_welcome":false}}
{"timestamp":"2025-09-10T16:54:40.1119-04:00","level":"DEBUG","type":"keypress","message":"Key pressed: up","data":{"active_list":0,"key":"up","selected_operation":"list","selected_resource":"balance_transactions","show_output":false,"show_welcome":false}}
{"timestamp":"2025-09-10T16:54:40.118471-04:00","level":"DEBUG","type":"keypress","message":"Key pressed: up","data":{"active_list":0,"key":"up","selected_operation":"retrieve","selected_resource":"balance","show_output":false,"show_welcome":false}}
{"timestamp":"2025-09-10T16:54:40.226421-04:00","level":"DEBUG","type":"keypress","message":"Key pressed: down","data":{"active_list":0,"key":"down","selected_operation":"list","selected_resource":"application_fees","show_output":false,"show_welcome":false}}
{"timestamp":"2025-09-10T16:54:40.23328-04:00","level":"DEBUG","type":"keypress","message":"Key pressed: down","data":{"active_list":0,"key":"down","selected_operation":"retrieve","selected_resource":"balance","show_output":false,"show_welcome":false}}
{"timestamp":"2025-09-10T16:54:40.238736-04:00","level":"DEBUG","type":"keypress","message":"Key pressed: down","data":{"active_list":0,"key":"down","selected_operation":"list","selected_resource":"balance_transactions","show_output":false,"show_welcome":false}}
{"timestamp":"2025-09-10T16:54:40.294111-04:00","level":"DEBUG","type":"keypress","message":"Key pressed: down","data":{"active_list":0,"key":"down","selected_operation":"delete","selected_resource":"bank_accounts","show_output":false,"show_welcome":false}}
{"timestamp":"2025-09-10T16:54:40.29934-04:00","level":"DEBUG","type":"keypress","message":"Key pressed: down","data":{"active_list":0,"key":"down","selected_operation":"activate","selected_resource":"billing alerts","show_output":false,"show_welcome":false}}
{"timestamp":"2025-09-10T16:54:40.304121-04:00","level":"DEBUG","type":"keypress","message":"Key pressed: down","data":{"active_list":0,"key":"down","selected_operation":"retrieve","selected_resource":"billing credit_balance_summaries","show_output":false,"show_welcome":false}}
{"timestamp":"2025-09-10T16:54:40.443768-04:00","level":"DEBUG","type":"keypress","message":"Key pressed: down","data":{"active_list":0,"key":"down","selected_operation":"list","selected_resource":"billing credit_balance_transactions","show_output":false,"show_welcome":false}}
{"timestamp":"2025-09-10T16:54:40.45023-04:00","level":"DEBUG","type":"keypress","message":"Key pressed: down","data":{"active_list":0,"key":"down","selected_operation":"create","selected_resource":"billing credit_grants","show_output":false,"show_welcome":false}}
{"timestamp":"2025-09-10T16:54:40.4552-04:00","level":"DEBUG","type":"keypress","message":"Key pressed: down","data":{"active_list":0,"key":"down","selected_operation":"create","selected_resource":"billing meter_event_adjustments","show_output":false,"show_welcome":false}}
{"timestamp":"2025-09-10T16:54:40.521105-04:00","level":"DEBUG","type":"keypress","message":"Key pressed: down","data":{"active_list":0,"key":"down","selected_operation":"list","selected_resource":"billing meter_event_summaries","show_output":false,"show_welcome":false}}
{"timestamp":"2025-09-10T16:54:40.526958-04:00","level":"DEBUG","type":"keypress","message":"Key pressed: down","data":{"active_list":0,"key":"down","selected_operation":"create","selected_resource":"billing meter_events","show_output":false,"show_welcome":false}}
{"timestamp":"2025-09-10T16:54:40.532867-04:00","level":"DEBUG","type":"keypress","message":"Key pressed: down","data":{"active_list":0,"key":"down","selected_operation":"create","selected_resource":"billing meters","show_output":false,"show_welcome":false}}
{"timestamp":"2025-09-10T16:54:40.538088-04:00","level":"DEBUG","type":"keypress","message":"Key pressed: down","data":{"active_list":0,"key":"down","selected_operation":"create","selected_resource":"billing_portal configurations","show_output":false,"show_welcome":false}}
{"timestamp":"2025-09-10T16:54:40.623872-04:00","level":"DEBUG","type":"keypress","message":"Key pressed: down","data":{"active_list":0,"key":"down","selected_operation":"create","selected_resource":"billing_portal sessions","show_output":false,"show_welcome":false}}
{"timestamp":"2025-09-10T16:54:40.629718-04:00","level":"DEBUG","type":"keypress","message":"Key pressed: down","data":{"active_list":0,"key":"down","selected_operation":"list","selected_resource":"capabilities","show_output":false,"show_welcome":false}}
{"timestamp":"2025-09-10T16:54:40.633653-04:00","level":"DEBUG","type":"keypress","message":"Key pressed: down","data":{"active_list":0,"key":"down","selected_operation":"delete","selected_resource":"cards","show_output":false,"show_welcome":false}}
{"timestamp":"2025-09-10T16:54:40.63763-04:00","level":"DEBUG","type":"keypress","message":"Key pressed: down","data":{"active_list":0,"key":"down","selected_operation":"retrieve","selected_resource":"cash_balances","show_output":false,"show_welcome":false}}
{"timestamp":"2025-09-10T16:54:40.644067-04:00","level":"DEBUG","type":"keypress","message":"Key pressed: down","data":{"active_list":0,"key":"down","selected_operation":"capture","selected_resource":"charges","show_output":false,"show_welcome":false}}
{"timestamp":"2025-09-10T16:54:40.871911-04:00","level":"DEBUG","type":"keypress","message":"Key pressed: down","data":{"active_list":0,"key":"down","selected_operation":"create","selected_resource":"checkout sessions","show_output":false,"show_welcome":false}}
{"timestamp":"2025-09-10T16:54:40.878406-04:00","level":"DEBUG","type":"keypress","message":"Key pressed: down","data":{"active_list":0,"key":"down","selected_operation":"cancel","selected_resource":"climate orders","show_output":false,"show_welcome":false}}
{"timestamp":"2025-09-10T16:54:40.883817-04:00","level":"DEBUG","type":"keypress","message":"Key pressed: down","data":{"active_list":0,"key":"down","selected_operation":"list","selected_resource":"climate products","show_output":false,"show_welcome":false}}
{"timestamp":"2025-09-10T16:54:40.931503-04:00","level":"DEBUG","type":"keypress","message":"Key pressed: down","data":{"active_list":0,"key":"down","selected_operation":"list","selected_resource":"climate suppliers","show_output":false,"show_welcome":false}}
{"timestamp":"2025-09-10T16:54:40.936737-04:00","level":"DEBUG","type":"keypress","message":"Key pressed: down","data":{"active_list":0,"key":"down","selected_operation":"retrieve","selected_resource":"confirmation_tokens","show_output":false,"show_welcome":false}}
{"timestamp":"2025-09-10T16:54:40.942223-04:00","level":"DEBUG","type":"keypress","message":"Key pressed: down","data":{"active_list":0,"key":"down","selected_operation":"list","selected_resource":"country_specs","show_output":false,"show_welcome":false}}
{"timestamp":"2025-09-10T16:54:41.695896-04:00","level":"DEBUG","type":"keypress","message":"Key pressed: down","data":{"active_list":0,"key":"down","selected_operation":"create","selected_resource":"coupons","show_output":false,"show_welcome":false}}
{"timestamp":"2025-09-10T16:54:41.702718-04:00","level":"DEBUG","type":"keypress","message":"Key pressed: down","data":{"active_list":0,"key":"down","selected_operation":"list","selected_resource":"credit_note_line_items","show_output":false,"show_welcome":false}}
{"timestamp":"2025-09-10T16:54:41.708097-04:00","level":"DEBUG","type":"keypress","message":"Key pressed: down","data":{"active_list":0,"key":"down","selected_operation":"create","selected_resource":"credit_notes","show_output":false,"show_welcome":false}}
{"timestamp":"2025-09-10T16:54:41.845492-04:00","level":"DEBUG","type":"keypress","message":"Key pressed: down","data":{"active_list":0,"key":"down","selected_operation":"create","selected_resource":"customer_balance_transactions","show_output":false,"show_welcome":false}}
{"timestamp":"2025-09-10T16:54:41.851463-04:00","level":"DEBUG","type":"keypress","message":"Key pressed: down","data":{"active_list":0,"key":"down","selected_operation":"list","selected_resource":"customer_cash_balance_transactions","show_output":false,"show_welcome":false}}
{"timestamp":"2025-09-10T16:54:41.857759-04:00","level":"DEBUG","type":"keypress","message":"Key pressed: down","data":{"active_list":0,"key":"down","selected_operation":"create","selected_resource":"customer_sessions","show_output":false,"show_welcome":false}}
{"timestamp":"2025-09-10T16:54:42.018323-04:00","level":"DEBUG","type":"keypress","message":"Key pressed: down","data":{"active_list":0,"key":"down","selected_operation":"balance_transactions","selected_resource":"customers","show_output":false,"show_welcome":false}}
{"timestamp":"2025-09-10T16:54:42.025858-04:00","level":"DEBUG","type":"keypress","message":"Key pressed: down","data":{"active_list":0,"key":"down","selected_operation":"close","selected_resource":"disputes","show_output":false,"show_welcome":false}}
{"timestamp":"2025-09-10T16:54:42.031558-04:00","level":"DEBUG","type":"keypress","message":"Key pressed: down","data":{"active_list":0,"key":"down","selected_operation":"list","selected_resource":"entitlements active_entitlements","show_output":false,"show_welcome":false}}
{"timestamp":"2025-09-10T16:54:42.364464-04:00","level":"DEBUG","type":"keypress","message":"Key pressed: up","data":{"active_list":0,"key":"up","selected_operation":"create","selected_resource":"entitlements features","show_output":false,"show_welcome":false}}
{"timestamp":"2025-09-10T16:54:42.372172-04:00","level":"DEBUG","type":"keypress","message":"Key pressed: up","data":{"active_list":0,"key":"up","selected_operation":"list","selected_resource":"entitlements active_entitlements","show_output":false,"show_welcome":false}}
{"timestamp":"2025-09-10T16:54:42.378207-04:00","level":"DEBUG","type":"keypress","message":"Key pressed: up","data":{"active_list":0,"key":"up","selected_operation":"close","selected_resource":"disputes","show_output":false,"show_welcome":false}}
{"timestamp":"2025-09-10T16:54:43.33047-04:00","level":"DEBUG","type":"keypress","message":"Key pressed: right","data":{"active_list":0,"key":"right","selected_operation":"balance_transactions","selected_resource":"customers","show_output":false,"show_welcome":false}}
{"timestamp":"2025-09-10T16:54:43.335374-04:00","level":"INFO","type":"view_change","message":"View changed: resources -\u003e operations (trigger: right)","data":{"new_view":"operations","old_view":"resources","trigger":"right"}}
{"timestamp":"2025-09-10T16:54:43.600998-04:00","level":"DEBUG","type":"keypress","message":"Key pressed: down","data":{"active_list":1,"key":"down","selected_operation":"balance_transactions","selected_resource":"customers","show_output":false,"show_welcome":false}}
{"timestamp":"2025-09-10T16:54:43.760938-04:00","level":"DEBUG","type":"keypress","message":"Key pressed: down","data":{"active_list":1,"key":"down","selected_operation":"create","selected_resource":"customers","show_output":false,"show_welcome":false}}
{"timestamp":"2025-09-10T16:54:43.90487-04:00","level":"DEBUG","type":"keypress","message":"Key pressed: down","data":{"active_list":1,"key":"down","selected_operation":"create_funding_instructions","selected_resource":"customers","show_output":false,"show_welcome":false}}
{"timestamp":"2025-09-10T16:54:44.030756-04:00","level":"DEBUG","type":"keypress","message":"Key pressed: down","data":{"active_list":1,"key":"down","selected_operation":"delete","selected_resource":"customers","show_output":false,"show_welcome":false}}
{"timestamp":"2025-09-10T16:54:44.159855-04:00","level":"DEBUG","type":"keypress","message":"Key pressed: down","data":{"active_list":1,"key":"down","selected_operation":"delete_discount","selected_resource":"customers","show_output":false,"show_welcome":false}}
{"timestamp":"2025-09-10T16:54:44.419691-04:00","level":"DEBUG","type":"keypress","message":"Key pressed: enter","data":{"active_list":1,"key":"enter","selected_operation":"list","selected_resource":"customers","show_output":false,"show_welcome":false}}
{"timestamp":"2025-09-10T16:54:44.424952-04:00","level":"INFO","type":"action","message":"enter_key","data":{"active_list":1,"operation_item":"list","resource_item":"customers"}}
{"timestamp":"2025-09-10T16:54:44.428963-04:00","level":"INFO","type":"selection","message":"Selected list in operation list","data":{"index":5,"list_type":"operation","selected_item":"list"}}
{"timestamp":"2025-09-10T16:54:44.434559-04:00","level":"INFO","type":"session","message":"TUI session started"}
{"timestamp":"2025-09-10T16:55:03.41174-04:00","level":"DEBUG","type":"keypress","message":"Key pressed: q","data":{"active_list":0,"key":"q","show_output":false,"show_welcome":true}}
{"timestamp":"2025-09-10T16:55:03.425268-04:00","level":"INFO","type":"action","message":"quit_from_welcome","data":{"trigger":"q"}}
{"timestamp":"2025-09-10T16:55:03.440876-04:00","level":"INFO","type":"session","message":"TUI session ended"}
{"timestamp":"2025-09-10T16:55:03.459429-04:00","level":"INFO","type":"command","message":"Command executed: customers list (took 19.026639916s)","data":{"command":"customers list","duration":"19.026639916s","method":"GET","output_length":0,"url":"https://api.stripe.com/v1/customers"}}
{"timestamp":"2025-09-10T16:55:03.475389-04:00","level":"INFO","type":"state_change","message":"State transition: command_idle -\u003e command_result_displayed","data":{"command":"customers list","duration":"19.026639916s","method":"GET","new_state":"command_result_displayed","old_state":"command_idle","url":"https://api.stripe.com/v1/customers"}}
{"timestamp":"2025-09-10T16:56:15.240357-04:00","level":"DEBUG","type":"keypress","message":"Key pressed: q","data":{"active_list":1,"key":"q","selected_operation":"list","selected_resource":"customers","show_output":true,"show_welcome":false}}
{"timestamp":"2025-09-10T16:56:15.244991-04:00","level":"INFO","type":"action","message":"quit_application","data":{"trigger":"q"}}
{"timestamp":"2025-09-10T16:56:15.259822-04:00","level":"INFO","type":"session","message":"TUI session ended"}
{"timestamp":"2025-09-10T16:56:15.265053-04:00","level":"INFO","type":"command","message":"Command executed: customers list (took 2m58.122861125s)","data":{"command":"customers list","duration":"2m58.122861125s","method":"GET","output_length":0,"url":"https://api.stripe.com/v1/customers"}}
{"timestamp":"2025-09-10T16:56:15.26896-04:00","level":"INFO","type":"state_change","message":"State transition: command_idle -\u003e command_result_displayed","data":{"command":"customers list","duration":"2m58.122861125s","method":"GET","new_state":"command_result_displayed","old_state":"command_idle","url":"https://api.stripe.com/v1/customers"}}
{"timestamp":"2025-09-10T16:56:15.276382-04:00","level":"DEBUG","type":"keypress","message":"Key pressed: enter","data":{"active_list":1,"key":"enter","selected_operation":"list","selected_resource":"customers","show_output":true,"show_welcome":false}}
{"timestamp":"2025-09-10T16:56:15.279999-04:00","level":"INFO","type":"action","message":"enter_key","data":{"active_list":1,"operation_item":"list","resource_item":"customers"}}
{"timestamp":"2025-09-10T16:56:15.283971-04:00","level":"INFO","type":"selection","message":"Selected list in operation list","data":{"index":5,"list_type":"operation","selected_item":"list"}}
{"timestamp":"2025-09-10T16:56:15.28953-04:00","level":"INFO","type":"session","message":"TUI session started"}
{"timestamp":"2025-09-10T16:56:16.55148-04:00","level":"DEBUG","type":"keypress","message":"Key pressed: q","data":{"active_list":0,"key":"q","show_output":false,"show_welcome":true}}
{"timestamp":"2025-09-10T16:56:16.557893-04:00","level":"INFO","type":"action","message":"quit_from_welcome","data":{"trigger":"q"}}
{"timestamp":"2025-09-10T16:56:16.573157-04:00","level":"INFO","type":"session","message":"TUI session ended"}
{"timestamp":"2025-09-10T16:56:16.57698-04:00","level":"INFO","type":"command","message":"Command executed: customers list (took 1.289010791s)","data":{"command":"customers list","duration":"1.289010791s","method":"GET","output_length":0,"url":"https://api.stripe.com/v1/customers"}}
{"timestamp":"2025-09-10T16:56:16.581866-04:00","level":"INFO","type":"state_change","message":"State transition: command_idle -\u003e command_result_displayed","data":{"command":"customers list","duration":"1.289010791s","method":"GET","new_state":"command_result_displayed","old_state":"command_idle","url":"https://api.stripe.com/v1/customers"}}
{"timestamp":"2025-09-10T16:56:19.061205-04:00","level":"DEBUG","type":"keypress","message":"Key pressed: q","data":{"active_list":1,"key":"q","selected_operation":"list","selected_resource":"customers","show_output":true,"show_welcome":false}}
{"timestamp":"2025-09-10T16:56:19.071767-04:00","level":"INFO","type":"action","message":"quit_application","data":{"trigger":"q"}}
{"timestamp":"2025-09-10T16:56:19.086519-04:00","level":"INFO","type":"session","message":"TUI session ended"}
{"timestamp":"2025-09-10T17:13:26.489092-04:00","level":"INFO","type":"session","message":"TUI session started"}
{"timestamp":"2025-09-10T17:13:27.117337-04:00","level":"DEBUG","type":"keypress","message":"Key pressed: enter","data":{"active_list":0,"key":"enter","show_output":false,"show_welcome":true}}
{"timestamp":"2025-09-10T17:13:27.122968-04:00","level":"INFO","type":"state_change","message":"State transition: welcome_screen -\u003e main_interface","data":{"new_state":"main_interface","old_state":"welcome_screen","trigger":"enter"}}
{"timestamp":"2025-09-10T17:13:28.327921-04:00","level":"DEBUG","type":"keypress","message":"Key pressed: down","data":{"active_list":0,"key":"down","selected_operation":"create","selected_resource":"account_links","show_output":false,"show_welcome":false}}
{"timestamp":"2025-09-10T17:13:28.827741-04:00","level":"DEBUG","type":"keypress","message":"Key pressed: down","data":{"active_list":0,"key":"down","selected_operation":"create","selected_resource":"account_sessions","show_output":false,"show_welcome":false}}
{"timestamp":"2025-09-10T17:13:28.912755-04:00","level":"DEBUG","type":"keypress","message":"Key pressed: down","data":{"active_list":0,"key":"down","selected_operation":"capabilities","selected_resource":"accounts","show_output":false,"show_welcome":false}}
{"timestamp":"2025-09-10T17:13:28.994705-04:00","level":"DEBUG","type":"keypress","message":"Key pressed: down","data":{"active_list":0,"key":"down","selected_operation":"create","selected_resource":"apple_pay_domains","show_output":false,"show_welcome":false}}
{"timestamp":"2025-09-10T17:13:29.078813-04:00","level":"DEBUG","type":"keypress","message":"Key pressed: down","data":{"active_list":0,"key":"down","selected_operation":"list","selected_resource":"application_fees","show_output":false,"show_welcome":false}}
{"timestamp":"2025-09-10T17:13:29.162448-04:00","level":"DEBUG","type":"keypress","message":"Key pressed: down","data":{"active_list":0,"key":"down","selected_operation":"retrieve","selected_resource":"balance","show_output":false,"show_welcome":false}}
{"timestamp":"2025-09-10T17:13:29.246485-04:00","level":"DEBUG","type":"keypress","message":"Key pressed: down","data":{"active_list":0,"key":"down","selected_operation":"list","selected_resource":"balance_transactions","show_output":false,"show_welcome":false}}
{"timestamp":"2025-09-10T17:13:29.329512-04:00","level":"DEBUG","type":"keypress","message":"Key pressed: down","data":{"active_list":0,"key":"down","selected_operation":"delete","selected_resource":"bank_accounts","show_output":false,"show_welcome":false}}
{"timestamp":"2025-09-10T17:13:29.413658-04:00","level":"DEBUG","type":"keypress","message":"Key pressed: down","data":{"active_list":0,"key":"down","selected_operation":"activate","selected_resource":"billing alerts","show_output":false,"show_welcome":false}}
{"timestamp":"2025-09-10T17:13:29.497231-04:00","level":"DEBUG","type":"keypress","message":"Key pressed: down","data":{"active_list":0,"key":"down","selected_operation":"retrieve","selected_resource":"billing credit_balance_summaries","show_output":false,"show_welcome":false}}
{"timestamp":"2025-09-10T17:13:29.581171-04:00","level":"DEBUG","type":"keypress","message":"Key pressed: down","data":{"active_list":0,"key":"down","selected_operation":"list","selected_resource":"billing credit_balance_transactions","show_output":false,"show_welcome":false}}
{"timestamp":"2025-09-10T17:13:29.665603-04:00","level":"DEBUG","type":"keypress","message":"Key pressed: down","data":{"active_list":0,"key":"down","selected_operation":"create","selected_resource":"billing credit_grants","show_output":false,"show_welcome":false}}
{"timestamp":"2025-09-10T17:13:29.749331-04:00","level":"DEBUG","type":"keypress","message":"Key pressed: down","data":{"active_list":0,"key":"down","selected_operation":"create","selected_resource":"billing meter_event_adjustments","show_output":false,"show_welcome":false}}
{"timestamp":"2025-09-10T17:13:29.83195-04:00","level":"DEBUG","type":"keypress","message":"Key pressed: down","data":{"active_list":0,"key":"down","selected_operation":"list","selected_resource":"billing meter_event_summaries","show_output":false,"show_welcome":false}}
{"timestamp":"2025-09-10T17:13:29.916581-04:00","level":"DEBUG","type":"keypress","message":"Key pressed: down","data":{"active_list":0,"key":"down","selected_operation":"create","selected_resource":"billing meter_events","show_output":false,"show_welcome":false}}
{"timestamp":"2025-09-10T17:13:29.999656-04:00","level":"DEBUG","type":"keypress","message":"Key pressed: down","data":{"active_list":0,"key":"down","selected_operation":"create","selected_resource":"billing meters","show_output":false,"show_welcome":false}}
{"timestamp":"2025-09-10T17:13:30.082579-04:00","level":"DEBUG","type":"keypress","message":"Key pressed: down","data":{"active_list":0,"key":"down","selected_operation":"create","selected_resource":"billing_portal configurations","show_output":false,"show_welcome":false}}
{"timestamp":"2025-09-10T17:13:30.165592-04:00","level":"DEBUG","type":"keypress","message":"Key pressed: down","data":{"active_list":0,"key":"down","selected_operation":"create","selected_resource":"billing_portal sessions","show_output":false,"show_welcome":false}}
{"timestamp":"2025-09-10T17:13:30.451757-04:00","level":"DEBUG","type":"keypress","message":"Key pressed: down","data":{"active_list":0,"key":"down","selected_operation":"list","selected_resource":"capabilities","show_output":false,"show_welcome":false}}
{"timestamp":"2025-09-10T17:13:31.268752-04:00","level":"DEBUG","type":"keypress","message":"Key pressed: up","data":{"active_list":0,"key":"up","selected_operation":"delete","selected_resource":"cards","show_output":false,"show_welcome":false}}
{"timestamp":"2025-09-10T17:13:32.065856-04:00","level":"DEBUG","type":"keypress","message":"Key pressed: right","data":{"active_list":0,"key":"right","selected_operation":"list","selected_resource":"capabilities","show_output":false,"show_welcome":false}}
{"timestamp":"2025-09-10T17:13:32.072242-04:00","level":"INFO","type":"view_change","message":"View changed: resources -\u003e operations (trigger: right)","data":{"new_view":"operations","old_view":"resources","trigger":"right"}}
{"timestamp":"2025-09-10T17:13:33.171973-04:00","level":"DEBUG","type":"keypress","message":"Key pressed: enter","data":{"active_list":1,"key":"enter","selected_operation":"list","selected_resource":"capabilities","show_output":false,"show_welcome":false}}
{"timestamp":"2025-09-10T17:13:33.176459-04:00","level":"INFO","type":"action","message":"enter_key","data":{"active_list":1,"operation_item":"list","resource_item":"capabilities"}}
{"timestamp":"2025-09-10T17:13:33.180452-04:00","level":"INFO","type":"selection","message":"Selected list in operation list","data":{"index":0,"list_type":"operation","selected_item":"list"}}
{"timestamp":"2025-09-10T17:13:33.184494-04:00","level":"INFO","type":"action","message":"executing_command","data":{"command_args":["capabilities","list"],"method":"GET","operation":"list","resource":"capabilities","url":"https://api.stripe.com/v1/capabilities"}}
{"timestamp":"2025-09-10T17:13:33.188511-04:00","level":"INFO","type":"action","message":"found_target_command","data":{"is_runnable":true,"target_command":"stripe capabilities list","use":"list"}}
{"timestamp":"2025-09-10T17:13:33.192375-04:00","level":"INFO","type":"action","message":"about_to_execute","data":{"target_command":"stripe capabilities list"}}
{"timestamp":"2025-09-10T17:13:33.197252-04:00","level":"INFO","type":"session","message":"TUI session started"}
{"timestamp":"2025-09-10T17:13:55.104033-04:00","level":"DEBUG","type":"keypress","message":"Key pressed: ctrl+c","data":{"active_list":0,"key":"ctrl+c","show_output":false,"show_welcome":true}}
{"timestamp":"2025-09-10T17:13:55.109691-04:00","level":"INFO","type":"action","message":"quit_from_welcome","data":{"trigger":"ctrl+c"}}
{"timestamp":"2025-09-10T17:13:55.125825-04:00","level":"INFO","type":"session","message":"TUI session ended"}
{"timestamp":"2025-09-10T17:13:55.129531-04:00","level":"INFO","type":"command","message":"Command executed: capabilities list (took 21.945239959s)","data":{"command":"capabilities list","duration":"21.945239959s","method":"GET","output_length":0,"url":"https://api.stripe.com/v1/capabilities"}}
{"timestamp":"2025-09-10T17:13:55.133498-04:00","level":"INFO","type":"state_change","message":"State transition: command_idle -\u003e command_result_displayed","data":{"command":"capabilities list","duration":"21.945239959s","method":"GET","new_state":"command_result_displayed","old_state":"command_idle","url":"https://api.stripe.com/v1/capabilities"}}
{"timestamp":"2025-09-10T17:13:55.139756-04:00","level":"DEBUG","type":"keypress","message":"Key pressed: ctrl+c","data":{"active_list":1,"key":"ctrl+c","selected_operation":"list","selected_resource":"capabilities","show_output":true,"show_welcome":false}}
{"timestamp":"2025-09-10T17:13:55.143521-04:00","level":"INFO","type":"action","message":"quit_application","data":{"trigger":"ctrl+c"}}
{"timestamp":"2025-09-10T17:13:55.158758-04:00","level":"INFO","type":"session","message":"TUI session ended"}
{"timestamp":"2025-09-10T17:13:59.977751-04:00","level":"INFO","type":"session","message":"TUI session started"}
{"timestamp":"2025-09-10T17:14:01.01298-04:00","level":"DEBUG","type":"keypress","message":"Key pressed:  ","data":{"active_list":0,"key":" ","show_output":false,"show_welcome":true}}
{"timestamp":"2025-09-10T17:14:01.017698-04:00","level":"INFO","type":"state_change","message":"State transition: welcome_screen -\u003e main_interface","data":{"new_state":"main_interface","old_state":"welcome_screen","trigger":" "}}
{"timestamp":"2025-09-10T17:14:01.994174-04:00","level":"DEBUG","type":"keypress","message":"Key pressed: down","data":{"active_list":0,"key":"down","selected_operation":"create","selected_resource":"account_links","show_output":false,"show_welcome":false}}
{"timestamp":"2025-09-10T17:14:02.217559-04:00","level":"DEBUG","type":"keypress","message":"Key pressed: down","data":{"active_list":0,"key":"down","selected_operation":"create","selected_resource":"account_sessions","show_output":false,"show_welcome":false}}
{"timestamp":"2025-09-10T17:14:02.716414-04:00","level":"DEBUG","type":"keypress","message":"Key pressed: down","data":{"active_list":0,"key":"down","selected_operation":"capabilities","selected_resource":"accounts","show_output":false,"show_welcome":false}}
{"timestamp":"2025-09-10T17:14:02.800591-04:00","level":"DEBUG","type":"keypress","message":"Key pressed: down","data":{"active_list":0,"key":"down","selected_operation":"create","selected_resource":"apple_pay_domains","show_output":false,"show_welcome":false}}
{"timestamp":"2025-09-10T17:14:02.883389-04:00","level":"DEBUG","type":"keypress","message":"Key pressed: down","data":{"active_list":0,"key":"down","selected_operation":"list","selected_resource":"application_fees","show_output":false,"show_welcome":false}}
{"timestamp":"2025-09-10T17:14:02.967798-04:00","level":"DEBUG","type":"keypress","message":"Key pressed: down","data":{"active_list":0,"key":"down","selected_operation":"retrieve","selected_resource":"balance","show_output":false,"show_welcome":false}}
{"timestamp":"2025-09-10T17:14:03.051858-04:00","level":"DEBUG","type":"keypress","message":"Key pressed: down","data":{"active_list":0,"key":"down","selected_operation":"list","selected_resource":"balance_transactions","show_output":false,"show_welcome":false}}
{"timestamp":"2025-09-10T17:14:03.134204-04:00","level":"DEBUG","type":"keypress","message":"Key pressed: down","data":{"active_list":0,"key":"down","selected_operation":"delete","selected_resource":"bank_accounts","show_output":false,"show_welcome":false}}
{"timestamp":"2025-09-10T17:14:03.216913-04:00","level":"DEBUG","type":"keypress","message":"Key pressed: down","data":{"active_list":0,"key":"down","selected_operation":"activate","selected_resource":"billing alerts","show_output":false,"show_welcome":false}}
{"timestamp":"2025-09-10T17:14:03.30137-04:00","level":"DEBUG","type":"keypress","message":"Key pressed: down","data":{"active_list":0,"key":"down","selected_operation":"retrieve","selected_resource":"billing credit_balance_summaries","show_output":false,"show_welcome":false}}
{"timestamp":"2025-09-10T17:14:03.38485-04:00","level":"DEBUG","type":"keypress","message":"Key pressed: down","data":{"active_list":0,"key":"down","selected_operation":"list","selected_resource":"billing credit_balance_transactions","show_output":false,"show_welcome":false}}
{"timestamp":"2025-09-10T17:14:03.467334-04:00","level":"DEBUG","type":"keypress","message":"Key pressed: down","data":{"active_list":0,"key":"down","selected_operation":"create","selected_resource":"billing credit_grants","show_output":false,"show_welcome":false}}
{"timestamp":"2025-09-10T17:14:03.550764-04:00","level":"DEBUG","type":"keypress","message":"Key pressed: down","data":{"active_list":0,"key":"down","selected_operation":"create","selected_resource":"billing meter_event_adjustments","show_output":false,"show_welcome":false}}
{"timestamp":"2025-09-10T17:14:03.633243-04:00","level":"DEBUG","type":"keypress","message":"Key pressed: down","data":{"active_list":0,"key":"down","selected_operation":"list","selected_resource":"billing meter_event_summaries","show_output":false,"show_welcome":false}}
{"timestamp":"2025-09-10T17:14:03.717747-04:00","level":"DEBUG","type":"keypress","message":"Key pressed: down","data":{"active_list":0,"key":"down","selected_operation":"create","selected_resource":"billing meter_events","show_output":false,"show_welcome":false}}
{"timestamp":"2025-09-10T17:14:03.800587-04:00","level":"DEBUG","type":"keypress","message":"Key pressed: down","data":{"active_list":0,"key":"down","selected_operation":"create","selected_resource":"billing meters","show_output":false,"show_welcome":false}}
{"timestamp":"2025-09-10T17:14:03.883674-04:00","level":"DEBUG","type":"keypress","message":"Key pressed: down","data":{"active_list":0,"key":"down","selected_operation":"create","selected_resource":"billing_portal configurations","show_output":false,"show_welcome":false}}
{"timestamp":"2025-09-10T17:14:03.967946-04:00","level":"DEBUG","type":"keypress","message":"Key pressed: down","data":{"active_list":0,"key":"down","selected_operation":"create","selected_resource":"billing_portal sessions","show_output":false,"show_welcome":false}}
{"timestamp":"2025-09-10T17:14:04.052116-04:00","level":"DEBUG","type":"keypress","message":"Key pressed: down","data":{"active_list":0,"key":"down","selected_operation":"list","selected_resource":"capabilities","show_output":false,"show_welcome":false}}
{"timestamp":"2025-09-10T17:14:04.136441-04:00","level":"DEBUG","type":"keypress","message":"Key pressed: down","data":{"active_list":0,"key":"down","selected_operation":"delete","selected_resource":"cards","show_output":false,"show_welcome":false}}
{"timestamp":"2025-09-10T17:14:04.220303-04:00","level":"DEBUG","type":"keypress","message":"Key pressed: down","data":{"active_list":0,"key":"down","selected_operation":"retrieve","selected_resource":"cash_balances","show_output":false,"show_welcome":false}}
{"timestamp":"2025-09-10T17:14:04.304009-04:00","level":"DEBUG","type":"keypress","message":"Key pressed: down","data":{"active_list":0,"key":"down","selected_operation":"capture","selected_resource":"charges","show_output":false,"show_welcome":false}}
{"timestamp":"2025-09-10T17:14:04.388029-04:00","level":"DEBUG","type":"keypress","message":"Key pressed: down","data":{"active_list":0,"key":"down","selected_operation":"create","selected_resource":"checkout sessions","show_output":false,"show_welcome":false}}
{"timestamp":"2025-09-10T17:14:04.470125-04:00","level":"DEBUG","type":"keypress","message":"Key pressed: down","data":{"active_list":0,"key":"down","selected_operation":"cancel","selected_resource":"climate orders","show_output":false,"show_welcome":false}}
{"timestamp":"2025-09-10T17:14:04.555092-04:00","level":"DEBUG","type":"keypress","message":"Key pressed: down","data":{"active_list":0,"key":"down","selected_operation":"list","selected_resource":"climate products","show_output":false,"show_welcome":false}}
{"timestamp":"2025-09-10T17:14:04.638343-04:00","level":"DEBUG","type":"keypress","message":"Key pressed: down","data":{"active_list":0,"key":"down","selected_operation":"list","selected_resource":"climate suppliers","show_output":false,"show_welcome":false}}
{"timestamp":"2025-09-10T17:14:04.721697-04:00","level":"DEBUG","type":"keypress","message":"Key pressed: down","data":{"active_list":0,"key":"down","selected_operation":"retrieve","selected_resource":"confirmation_tokens","show_output":false,"show_welcome":false}}
{"timestamp":"2025-09-10T17:14:04.805121-04:00","level":"DEBUG","type":"keypress","message":"Key pressed: down","data":{"active_list":0,"key":"down","selected_operation":"list","selected_resource":"country_specs","show_output":false,"show_welcome":false}}
{"timestamp":"2025-09-10T17:14:04.889287-04:00","level":"DEBUG","type":"keypress","message":"Key pressed: down","data":{"active_list":0,"key":"down","selected_operation":"create","selected_resource":"coupons","show_output":false,"show_welcome":false}}
{"timestamp":"2025-09-10T17:14:04.973729-04:00","level":"DEBUG","type":"keypress","message":"Key pressed: down","data":{"active_list":0,"key":"down","selected_operation":"list","selected_resource":"credit_note_line_items","show_output":false,"show_welcome":false}}
{"timestamp":"2025-09-10T17:14:05.057533-04:00","level":"DEBUG","type":"keypress","message":"Key pressed: down","data":{"active_list":0,"key":"down","selected_operation":"create","selected_resource":"credit_notes","show_output":false,"show_welcome":false}}
{"timestamp":"2025-09-10T17:14:05.14183-04:00","level":"DEBUG","type":"keypress","message":"Key pressed: down","data":{"active_list":0,"key":"down","selected_operation":"create","selected_resource":"customer_balance_transactions","show_output":false,"show_welcome":false}}
{"timestamp":"2025-09-10T17:14:05.225687-04:00","level":"DEBUG","type":"keypress","message":"Key pressed: down","data":{"active_list":0,"key":"down","selected_operation":"list","selected_resource":"customer_cash_balance_transactions","show_output":false,"show_welcome":false}}
{"timestamp":"2025-09-10T17:14:05.30913-04:00","level":"DEBUG","type":"keypress","message":"Key pressed: down","data":{"active_list":0,"key":"down","selected_operation":"create","selected_resource":"customer_sessions","show_output":false,"show_welcome":false}}
{"timestamp":"2025-09-10T17:14:05.393658-04:00","level":"DEBUG","type":"keypress","message":"Key pressed: down","data":{"active_list":0,"key":"down","selected_operation":"balance_transactions","selected_resource":"customers","show_output":false,"show_welcome":false}}
{"timestamp":"2025-09-10T17:14:05.475829-04:00","level":"DEBUG","type":"keypress","message":"Key pressed: down","data":{"active_list":0,"key":"down","selected_operation":"close","selected_resource":"disputes","show_output":false,"show_welcome":false}}
{"timestamp":"2025-09-10T17:14:05.685551-04:00","level":"DEBUG","type":"keypress","message":"Key pressed: up","data":{"active_list":0,"key":"up","selected_operation":"list","selected_resource":"entitlements active_entitlements","show_output":false,"show_welcome":false}}
{"timestamp":"2025-09-10T17:14:05.861745-04:00","level":"DEBUG","type":"keypress","message":"Key pressed: up","data":{"active_list":0,"key":"up","selected_operation":"close","selected_resource":"disputes","show_output":false,"show_welcome":false}}
{"timestamp":"2025-09-10T17:14:06.291108-04:00","level":"DEBUG","type":"keypress","message":"Key pressed: right","data":{"active_list":0,"key":"right","selected_operation":"balance_transactions","selected_resource":"customers","show_output":false,"show_welcome":false}}
{"timestamp":"2025-09-10T17:14:06.294856-04:00","level":"INFO","type":"view_change","message":"View changed: resources -\u003e operations (trigger: right)","data":{"new_view":"operations","old_view":"resources","trigger":"right"}}
{"timestamp":"2025-09-10T17:14:08.177555-04:00","level":"DEBUG","type":"keypress","message":"Key pressed: down","data":{"active_list":1,"key":"down","selected_operation":"balance_transactions","selected_resource":"customers","show_output":false,"show_welcome":false}}
{"timestamp":"2025-09-10T17:14:08.678856-04:00","level":"DEBUG","type":"keypress","message":"Key pressed: down","data":{"active_list":1,"key":"down","selected_operation":"create","selected_resource":"customers","show_output":false,"show_welcome":false}}
{"timestamp":"2025-09-10T17:14:08.760432-04:00","level":"DEBUG","type":"keypress","message":"Key pressed: down","data":{"active_list":1,"key":"down","selected_operation":"create_funding_instructions","selected_resource":"customers","show_output":false,"show_welcome":false}}
{"timestamp":"2025-09-10T17:14:08.960437-04:00","level":"DEBUG","type":"keypress","message":"Key pressed: down","data":{"active_list":1,"key":"down","selected_operation":"delete","selected_resource":"customers","show_output":false,"show_welcome":false}}
{"timestamp":"2025-09-10T17:14:09.199687-04:00","level":"DEBUG","type":"keypress","message":"Key pressed: down","data":{"active_list":1,"key":"down","selected_operation":"delete_discount","selected_resource":"customers","show_output":false,"show_welcome":false}}
{"timestamp":"2025-09-10T17:14:09.87097-04:00","level":"DEBUG","type":"keypress","message":"Key pressed: \\","data":{"active_list":1,"key":"\\","selected_operation":"list","selected_resource":"customers","show_output":false,"show_welcome":false}}
{"timestamp":"2025-09-10T17:14:09.877741-04:00","level":"DEBUG","type":"keypress","message":"Key pressed: enter","data":{"active_list":1,"key":"enter","selected_operation":"list","selected_resource":"customers","show_output":false,"show_welcome":false}}
{"timestamp":"2025-09-10T17:14:09.882486-04:00","level":"INFO","type":"action","message":"enter_key","data":{"active_list":1,"operation_item":"list","resource_item":"customers"}}
{"timestamp":"2025-09-10T17:14:09.88642-04:00","level":"INFO","type":"selection","message":"Selected list in operation list","data":{"index":5,"list_type":"operation","selected_item":"list"}}
{"timestamp":"2025-09-10T17:14:09.890463-04:00","level":"INFO","type":"action","message":"executing_command","data":{"command_args":["customers","list"],"method":"GET","operation":"list","resource":"customers","url":"https://api.stripe.com/v1/customers"}}
{"timestamp":"2025-09-10T17:14:09.894477-04:00","level":"INFO","type":"action","message":"found_target_command","data":{"is_runnable":true,"target_command":"stripe customers list","use":"list"}}
{"timestamp":"2025-09-10T17:14:09.897548-04:00","level":"INFO","type":"action","message":"about_to_execute","data":{"target_command":"stripe customers list"}}
{"timestamp":"2025-09-10T17:14:09.903142-04:00","level":"INFO","type":"session","message":"TUI session started"}
{"timestamp":"2025-09-10T17:14:11.06399-04:00","level":"DEBUG","type":"keypress","message":"Key pressed:  ","data":{"active_list":0,"key":" ","show_output":false,"show_welcome":true}}
{"timestamp":"2025-09-10T17:14:11.069541-04:00","level":"INFO","type":"state_change","message":"State transition: welcome_screen -\u003e main_interface","data":{"new_state":"main_interface","old_state":"welcome_screen","trigger":" "}}
{"timestamp":"2025-09-10T17:14:14.724739-04:00","level":"DEBUG","type":"keypress","message":"Key pressed: esc","data":{"active_list":0,"key":"esc","selected_operation":"create","selected_resource":"account_links","show_output":false,"show_welcome":false}}
{"timestamp":"2025-09-10T17:14:14.746398-04:00","level":"INFO","type":"session","message":"TUI session ended"}
{"timestamp":"2025-09-10T17:14:14.751226-04:00","level":"INFO","type":"command","message":"Command executed: customers list (took 4.860809708s)","data":{"command":"customers list","duration":"4.860809708s","method":"GET","output_length":0,"url":"https://api.stripe.com/v1/customers"}}
{"timestamp":"2025-09-10T17:14:14.754117-04:00","level":"INFO","type":"state_change","message":"State transition: command_idle -\u003e command_result_displayed","data":{"command":"customers list","duration":"4.860809708s","method":"GET","new_state":"command_result_displayed","old_state":"command_idle","url":"https://api.stripe.com/v1/customers"}}
{"timestamp":"2025-09-10T17:14:14.760739-04:00","level":"DEBUG","type":"keypress","message":"Key pressed: left","data":{"active_list":1,"key":"left","selected_operation":"list","selected_resource":"customers","show_output":true,"show_welcome":false}}
{"timestamp":"2025-09-10T17:14:14.764989-04:00","level":"INFO","type":"view_change","message":"View changed: operations -\u003e history (trigger: left)","data":{"new_view":"history","old_view":"operations","trigger":"left"}}
{"timestamp":"2025-09-10T17:14:15.560516-04:00","level":"DEBUG","type":"keypress","message":"Key pressed: down","data":{"active_list":2,"key":"down","selected_operation":"list","selected_resource":"customers","show_output":true,"show_welcome":false}}
{"timestamp":"2025-09-10T17:14:26.623011-04:00","level":"DEBUG","type":"keypress","message":"Key pressed: enter","data":{"active_list":2,"key":"enter","selected_operation":"list","selected_resource":"customers","show_output":true,"show_welcome":false}}
{"timestamp":"2025-09-10T17:14:26.628699-04:00","level":"INFO","type":"selection","message":"Selected customers list in history list","data":{"index":0,"list_type":"history","selected_item":"customers list"}}
{"timestamp":"2025-09-10T17:14:26.814548-04:00","level":"DEBUG","type":"keypress","message":"Key pressed: enter","data":{"active_list":2,"key":"enter","selected_operation":"list","selected_resource":"customers","show_output":true,"show_welcome":false}}
{"timestamp":"2025-09-10T17:14:26.820128-04:00","level":"INFO","type":"selection","message":"Selected customers list in history list","data":{"index":0,"list_type":"history","selected_item":"customers list"}}
{"timestamp":"2025-09-10T17:14:26.973585-04:00","level":"DEBUG","type":"keypress","message":"Key pressed: enter","data":{"active_list":2,"key":"enter","selected_operation":"list","selected_resource":"customers","show_output":true,"show_welcome":false}}
{"timestamp":"2025-09-10T17:14:26.97819-04:00","level":"INFO","type":"selection","message":"Selected customers list in history list","data":{"index":0,"list_type":"history","selected_item":"customers list"}}
{"timestamp":"2025-09-10T17:14:28.341853-04:00","level":"DEBUG","type":"keypress","message":"Key pressed: q","data":{"active_list":2,"key":"q","selected_operation":"list","selected_resource":"customers","show_output":true,"show_welcome":false}}
{"timestamp":"2025-09-10T17:14:28.345708-04:00","level":"INFO","type":"action","message":"quit_application","data":{"trigger":"q"}}
{"timestamp":"2025-09-10T17:14:28.361061-04:00","level":"INFO","type":"session","message":"TUI session ended"}
